c:\users\jguo5\source\repos\realextern-master\x64\release\vc142.pdb
c:\users\jguo5\source\repos\realextern-master\x64\release\driver.obj
c:\users\jguo5\source\repos\realextern-master\x64\release\realextern\realextern.cat
c:\users\jguo5\source\repos\realextern-master\x64\release\realextern.sys
c:\users\jguo5\source\repos\realextern-master\x64\release\realextern.pdb
c:\users\jguo5\source\repos\realextern-master\x64\release\realextern.inf
c:\users\jguo5\source\repos\realextern-master\x64\release\realextern.cer
c:\users\jguo5\source\repos\realextern-master\x64\release\realextern.tlog\cl.command.1.tlog
c:\users\jguo5\source\repos\realextern-master\x64\release\realextern.tlog\cl.read.1.tlog
c:\users\jguo5\source\repos\realextern-master\x64\release\realextern.tlog\cl.write.1.tlog
c:\users\jguo5\source\repos\realextern-master\x64\release\realextern.tlog\inf2cat-expand.12972.read.1.tlog
c:\users\jguo5\source\repos\realextern-master\x64\release\realextern.tlog\inf2cat-expand.12972.write.1.tlog
c:\users\jguo5\source\repos\realextern-master\x64\release\realextern.tlog\inf2cat-expand.read.1.tlog
c:\users\jguo5\source\repos\realextern-master\x64\release\realextern.tlog\inf2cat-expand.write.1.tlog
c:\users\jguo5\source\repos\realextern-master\x64\release\realextern.tlog\inf2cat.command.1.tlog
c:\users\jguo5\source\repos\realextern-master\x64\release\realextern.tlog\inf2cat.read.1.tlog
c:\users\jguo5\source\repos\realextern-master\x64\release\realextern.tlog\inf2cat.write.1.tlog
c:\users\jguo5\source\repos\realextern-master\x64\release\realextern.tlog\link.command.1.tlog
c:\users\jguo5\source\repos\realextern-master\x64\release\realextern.tlog\link.read.1.tlog
c:\users\jguo5\source\repos\realextern-master\x64\release\realextern.tlog\link.write.1.tlog
c:\users\jguo5\source\repos\realextern-master\x64\release\realextern.tlog\signtool.command.1.tlog
c:\users\jguo5\source\repos\realextern-master\x64\release\realextern.tlog\signtool.read.1.tlog
c:\users\jguo5\source\repos\realextern-master\x64\release\realextern.tlog\signtool.timestamp.1.tlog
c:\users\jguo5\source\repos\realextern-master\x64\release\realextern.tlog\signtool.write.1.tlog
c:\users\jguo5\source\repos\realextern-master\x64\release\realextern.tlog\stampinf.command.1.tlog
c:\users\jguo5\source\repos\realextern-master\x64\release\realextern.tlog\stampinf.read.1.tlog
c:\users\jguo5\source\repos\realextern-master\x64\release\realextern.tlog\stampinf.write.1.tlog
