c:\users\jguo5\onedrive\documents\github\realextern\x64\debug\vc142.pdb
c:\users\jguo5\onedrive\documents\github\realextern\x64\debug\driver.obj
c:\users\jguo5\onedrive\documents\github\realextern\x64\debug\realextern\realextern.cat
c:\users\jguo5\onedrive\documents\github\realextern\x64\debug\realextern.sys
c:\users\jguo5\onedrive\documents\github\realextern\x64\debug\realextern.pdb
c:\users\jguo5\onedrive\documents\github\realextern\x64\debug\realextern.inf
c:\users\jguo5\onedrive\documents\github\realextern\x64\debug\realextern.cer
c:\users\jguo5\onedrive\documents\github\realextern\x64\debug\realextern.tlog\cl.command.1.tlog
c:\users\jguo5\onedrive\documents\github\realextern\x64\debug\realextern.tlog\cl.read.1.tlog
c:\users\jguo5\onedrive\documents\github\realextern\x64\debug\realextern.tlog\cl.write.1.tlog
c:\users\jguo5\onedrive\documents\github\realextern\x64\debug\realextern.tlog\inf2cat-expand.6984.read.1.tlog
c:\users\jguo5\onedrive\documents\github\realextern\x64\debug\realextern.tlog\inf2cat-expand.6984.write.1.tlog
c:\users\jguo5\onedrive\documents\github\realextern\x64\debug\realextern.tlog\inf2cat-expand.read.1.tlog
c:\users\jguo5\onedrive\documents\github\realextern\x64\debug\realextern.tlog\inf2cat-expand.write.1.tlog
c:\users\jguo5\onedrive\documents\github\realextern\x64\debug\realextern.tlog\inf2cat.command.1.tlog
c:\users\jguo5\onedrive\documents\github\realextern\x64\debug\realextern.tlog\inf2cat.read.1.tlog
c:\users\jguo5\onedrive\documents\github\realextern\x64\debug\realextern.tlog\inf2cat.read.8.tlog
c:\users\jguo5\onedrive\documents\github\realextern\x64\debug\realextern.tlog\inf2cat.write.1.tlog
c:\users\jguo5\onedrive\documents\github\realextern\x64\debug\realextern.tlog\inf2cat.write.8.tlog
c:\users\jguo5\onedrive\documents\github\realextern\x64\debug\realextern.tlog\link.command.1.tlog
c:\users\jguo5\onedrive\documents\github\realextern\x64\debug\realextern.tlog\link.read.1.tlog
c:\users\jguo5\onedrive\documents\github\realextern\x64\debug\realextern.tlog\link.write.1.tlog
c:\users\jguo5\onedrive\documents\github\realextern\x64\debug\realextern.tlog\signtool.command.1.tlog
c:\users\jguo5\onedrive\documents\github\realextern\x64\debug\realextern.tlog\signtool.read.1.tlog
c:\users\jguo5\onedrive\documents\github\realextern\x64\debug\realextern.tlog\signtool.timestamp.1.tlog
c:\users\jguo5\onedrive\documents\github\realextern\x64\debug\realextern.tlog\signtool.write.1.tlog
c:\users\jguo5\onedrive\documents\github\realextern\x64\debug\realextern.tlog\stampinf.command.1.tlog
c:\users\jguo5\onedrive\documents\github\realextern\x64\debug\realextern.tlog\stampinf.read.1.tlog
c:\users\jguo5\onedrive\documents\github\realextern\x64\debug\realextern.tlog\stampinf.write.1.tlog
