  Building 'RealExtern' with toolset 'WindowsKernelModeDriver10.0' and the 'Universal' target platform.
  Stamping x64\Debug\RealExtern.inf
  Stamping [Version] section with DriverVer=05/12/2020,22.53.9.651
  Driver.cpp
C:\Users\jguo5\OneDrive\Documents\GitHub\RealApexExternal\RealestApexExternal\RealExtern\KernelUtils.h(17,1): warning C4005: 'STANDARD_RIGHTS_ALL': macro redefinition
C:\Program Files (x86)\Windows Kits\10\Include\10.0.18362.0\km\wdm.h(5208): message : see previous definition of 'STANDARD_RIGHTS_ALL'
C:\Users\jguo5\OneDrive\Documents\GitHub\RealApexExternal\RealestApexExternal\RealExtern\KernelUtils.h(75,21): warning C4018: '<': signed/unsigned mismatch
C:\Users\jguo5\OneDrive\Documents\GitHub\RealApexExternal\RealestApexExternal\RealExtern\KernelUtils.h(133,21): warning C4018: '<': signed/unsigned mismatch
C:\Users\jguo5\OneDrive\Documents\GitHub\RealApexExternal\RealestApexExternal\RealExtern\KernelUtils.h(159,14): warning C4244: '=': conversion from 'ULONG64' to 'ULONG', possible loss of data
C:\Users\jguo5\OneDrive\Documents\GitHub\RealApexExternal\RealestApexExternal\RealExtern\KernelUtils.h(169,11): warning C4244: '=': conversion from 'ULONG64' to 'ULONG', possible loss of data
C:\Users\jguo5\OneDrive\Documents\GitHub\RealApexExternal\RealestApexExternal\RealExtern\Driver.cpp(32,6): warning C4189: 'a3': local variable is initialized but not referenced
C:\Users\jguo5\OneDrive\Documents\GitHub\RealApexExternal\RealestApexExternal\RealExtern\Driver.cpp(31,6): warning C4189: 'a2': local variable is initialized but not referenced
C:\Users\jguo5\OneDrive\Documents\GitHub\RealApexExternal\RealestApexExternal\RealExtern\Driver.cpp(30,6): warning C4189: 'a1': local variable is initialized but not referenced
C:\Users\jguo5\OneDrive\Documents\GitHub\RealApexExternal\RealestApexExternal\RealExtern\Driver.cpp(40,6): warning C4189: 'a5': local variable is initialized but not referenced
C:\Users\jguo5\OneDrive\Documents\GitHub\RealApexExternal\RealestApexExternal\RealExtern\Driver.cpp(41,6): warning C4189: 'a6': local variable is initialized but not referenced
C:\Users\jguo5\OneDrive\Documents\GitHub\RealApexExternal\RealestApexExternal\RealExtern\Driver.cpp(43,6): warning C4189: 'a8': local variable is initialized but not referenced
C:\Users\jguo5\OneDrive\Documents\GitHub\RealApexExternal\RealestApexExternal\RealExtern\Driver.cpp(42,6): warning C4189: 'a7': local variable is initialized but not referenced
C:\Users\jguo5\OneDrive\Documents\GitHub\RealApexExternal\RealestApexExternal\RealExtern\Driver.cpp(55,1): error C2036: 'PVOID64': unknown size
C:\Users\jguo5\OneDrive\Documents\GitHub\RealApexExternal\RealestApexExternal\RealExtern\Driver.cpp(55,1): error C2143: syntax error: missing ';' before '}'
C:\Users\jguo5\OneDrive\Documents\GitHub\RealApexExternal\RealestApexExternal\RealExtern\Driver.cpp(54,17): error C4552: '+': result of expression not used
C:\Users\jguo5\OneDrive\Documents\GitHub\RealApexExternal\RealestApexExternal\RealExtern\Driver.cpp(80,2): error C2275: 'UCHAR': illegal use of this type as an expression
C:\Program Files (x86)\Windows Kits\10\Include\10.0.18362.0\shared\ntdef.h(704): message : see declaration of 'UCHAR'
C:\Users\jguo5\OneDrive\Documents\GitHub\RealApexExternal\RealestApexExternal\RealExtern\Driver.cpp(80,9): error C2146: syntax error: missing ';' before identifier 'shellCodePart2'
C:\Users\jguo5\OneDrive\Documents\GitHub\RealApexExternal\RealestApexExternal\RealExtern\Driver.cpp(80,9): error C2065: 'shellCodePart2': undeclared identifier
C:\Users\jguo5\OneDrive\Documents\GitHub\RealApexExternal\RealestApexExternal\RealExtern\Driver.cpp(80,24): error C2059: syntax error: ']'
C:\Users\jguo5\OneDrive\Documents\GitHub\RealApexExternal\RealestApexExternal\RealExtern\Driver.cpp(87,145): error C2065: 'shellCodePart2': undeclared identifier
C:\Users\jguo5\OneDrive\Documents\GitHub\RealApexExternal\RealestApexExternal\RealExtern\Driver.cpp(101,3): error C2065: 'shellCodePart2': undeclared identifier
